# Uptime Monitor Log


---
[2025-06-20T22:53:11+02:00] https://roman-y-portfolio.netlify.app/ → Status: 200, Response: 0.945s
[2025-06-20T22:53:12+02:00] https://front-end-components-demo.netlify.app/ → Status: 200, Response: 0.204s
[2025-06-20T22:53:12+02:00] https://carbon-emissions-dashboard.netlify.app/ → Status: 200, Response: 0.220s
[2025-06-20T22:53:12+02:00] https://react-organization-chart.netlify.app/ → Status: 200, Response: 0.175s
[2025-06-20T22:53:12+02:00] https://ecommerce-react-app-24.netlify.app/ → Status: 200, Response: 0.214s
[2025-06-20T22:53:12+02:00] https://evento-theta-mauve.vercel.app/ → Status: 200, Response: 0.418s
[2025-06-20T22:53:12+02:00] https://tech-jobs-react.netlify.app/ → Status: 200, Response: 0.149s
[2025-06-20T22:53:12+02:00] https://cd-roman.github.io/bowls-and-friends/ → Status: 200, Response: 0.127s
[2025-06-20T22:53:12+02:00] https://journey-pack.netlify.app/ → Status: 200, Response: 0.188s
[2025-06-20T22:53:12+02:00] https://mealpad-site.netlify.app/ → Status: 200, Response: 0.206s
[2025-06-20T22:53:13+02:00] https://cd-roman.github.io/simon-game/ → Status: 200, Response: 0.066s

---
[2025-06-23T10:10:10+02:00] https://roman-y-portfolio.netlify.app/ → Status: 200, Response: 0.665s
[2025-06-23T10:10:10+02:00] https://front-end-components-demo.netlify.app/ → Status: 200, Response: 0.655s
[2025-06-23T10:10:10+02:00] https://carbon-emissions-dashboard.netlify.app/ → Status: 200, Response: 0.627s
[2025-06-23T10:10:10+02:00] https://react-organization-chart.netlify.app/ → Status: 200, Response: 0.560s
[2025-06-23T10:10:10+02:00] https://ecommerce-react-app-24.netlify.app/ → Status: 200, Response: 0.573s
[2025-06-23T10:10:10+02:00] https://evento-theta-mauve.vercel.app/ → Status: 200, Response: 0.175s
[2025-06-23T10:10:10+02:00] https://tech-jobs-react.netlify.app/ → Status: 200, Response: 0.579s
[2025-06-23T10:10:10+02:00] https://cd-roman.github.io/bowls-and-friends/ → Status: 200, Response: 0.066s
[2025-06-23T10:10:10+02:00] https://journey-pack.netlify.app/ → Status: 200, Response: 0.594s
[2025-06-23T10:10:10+02:00] https://mealpad-site.netlify.app/ → Status: 200, Response: 0.725s
[2025-06-23T10:10:11+02:00] https://cd-roman.github.io/simon-game/ → Status: 200, Response: 0.041s

---
[2025-06-24T10:09:55+02:00] https://roman-y-portfolio.netlify.app/ → Status: 200, Response: 0.682s
[2025-06-24T10:09:55+02:00] https://front-end-components-demo.netlify.app/ → Status: 200, Response: 0.644s
[2025-06-24T10:09:55+02:00] https://carbon-emissions-dashboard.netlify.app/ → Status: 200, Response: 0.610s
[2025-06-24T10:09:55+02:00] https://react-organization-chart.netlify.app/ → Status: 200, Response: 0.729s
[2025-06-24T10:09:55+02:00] https://ecommerce-react-app-24.netlify.app/ → Status: 200, Response: 0.612s
[2025-06-24T10:09:55+02:00] https://evento-theta-mauve.vercel.app/ → Status: 200, Response: 0.168s
[2025-06-24T10:09:55+02:00] https://tech-jobs-react.netlify.app/ → Status: 200, Response: 0.596s
[2025-06-24T10:09:55+02:00] https://cd-roman.github.io/bowls-and-friends/ → Status: 200, Response: 0.095s
[2025-06-24T10:09:55+02:00] https://journey-pack.netlify.app/ → Status: 200, Response: 0.659s
[2025-06-24T10:09:55+02:00] https://mealpad-site.netlify.app/ → Status: 200, Response: 0.656s
[2025-06-24T10:09:56+02:00] https://cd-roman.github.io/simon-game/ → Status: 200, Response: 0.043s

---
[2025-06-25T10:09:58+02:00] https://roman-y-portfolio.netlify.app/ → Status: 200, Response: 0.264s
[2025-06-25T10:09:59+02:00] https://front-end-components-demo.netlify.app/ → Status: 200, Response: 0.236s
[2025-06-25T10:09:59+02:00] https://carbon-emissions-dashboard.netlify.app/ → Status: 200, Response: 0.379s
[2025-06-25T10:09:59+02:00] https://react-organization-chart.netlify.app/ → Status: 200, Response: 0.240s
[2025-06-25T10:09:59+02:00] https://ecommerce-react-app-24.netlify.app/ → Status: 200, Response: 0.379s
[2025-06-25T10:09:59+02:00] https://evento-theta-mauve.vercel.app/ → Status: 200, Response: 0.133s
[2025-06-25T10:09:59+02:00] https://tech-jobs-react.netlify.app/ → Status: 200, Response: 0.204s
[2025-06-25T10:09:59+02:00] https://cd-roman.github.io/bowls-and-friends/ → Status: 200, Response: 0.256s
[2025-06-25T10:09:59+02:00] https://journey-pack.netlify.app/ → Status: 200, Response: 0.302s
[2025-06-25T10:09:59+02:00] https://mealpad-site.netlify.app/ → Status: 200, Response: 0.181s
[2025-06-25T10:09:59+02:00] https://cd-roman.github.io/simon-game/ → Status: 200, Response: 0.052s
