

---
[2025-06-01T16:42:07Z] https://roman-y-portfolio.netlify.app/ → Status: 200, Response: 0.060636s
[2025-06-01T16:42:07Z] https://front-end-components-demo.netlify.app/ → Status: 200, Response: 0.073264s
[2025-06-01T16:42:07Z] https://carbon-emissions-dashboard.netlify.app/ → Status: 200, Response: 0.153064s
[2025-06-01T16:42:07Z] https://carbon-emissions-dashboard.netlify.app/flights → Status: 200, Response: 0.120221s
[2025-06-01T16:42:07Z] https://react-organization-chart.netlify.app/ → Status: 200, Response: 0.173065s

---
[2025-06-01T16:45:19Z] https://roman-y-portfolio.netlify.app/ → Status: 200, Response: 0.052651s
[2025-06-01T16:45:19Z] https://front-end-components-demo.netlify.app/ → Status: 200, Response: 0.128118s
[2025-06-01T16:45:19Z] https://carbon-emissions-dashboard.netlify.app/ → Status: 200, Response: 0.029080s
[2025-06-01T16:45:19Z] https://carbon-emissions-dashboard.netlify.app/flights → Status: 200, Response: 0.030045s
[2025-06-01T16:45:19Z] https://react-organization-chart.netlify.app/ → Status: 200, Response: 0.119907s

---
[2025-06-01T22:54:27Z] https://roman-y-portfolio.netlify.app/ → Status: 200, Response: 0.079402s
[2025-06-01T22:54:27Z] https://front-end-components-demo.netlify.app/ → Status: 200, Response: 0.086206s
[2025-06-01T22:54:27Z] https://carbon-emissions-dashboard.netlify.app/ → Status: 200, Response: 0.062385s
[2025-06-01T22:54:27Z] https://carbon-emissions-dashboard.netlify.app/flights → Status: 200, Response: 0.103959s
[2025-06-01T22:54:27Z] https://react-organization-chart.netlify.app/ → Status: 200, Response: 0.077992s

---
[2025-06-01T23:41:56Z] https://roman-y-portfolio.netlify.app/ → Status: 200, Response: 0.083815s
[2025-06-01T23:41:56Z] https://front-end-components-demo.netlify.app/ → Status: 200, Response: 0.062348s
[2025-06-01T23:41:56Z] https://carbon-emissions-dashboard.netlify.app/ → Status: 200, Response: 0.061701s
[2025-06-01T23:41:56Z] https://carbon-emissions-dashboard.netlify.app/flights → Status: 200, Response: 0.084207s
[2025-06-01T23:41:56Z] https://react-organization-chart.netlify.app/ → Status: 200, Response: 0.080480s

---
[2025-06-02T10:06:57Z] https://roman-y-portfolio.netlify.app/ → Status: 200, Response: 0.082853s
[2025-06-02T10:06:57Z] https://front-end-components-demo.netlify.app/ → Status: 200, Response: 0.822986s
[2025-06-02T10:06:57Z] https://carbon-emissions-dashboard.netlify.app/ → Status: 200, Response: 0.083399s
[2025-06-02T10:06:57Z] https://carbon-emissions-dashboard.netlify.app/flights → Status: 200, Response: 0.061917s
[2025-06-02T10:06:57Z] https://react-organization-chart.netlify.app/ → Status: 200, Response: 0.058739s
